<?xml version="1.0" encoding="UTF-8"?>
<!-- Generated by org.testng.reporters.JUnitReportReporter -->
<testsuite hostname="HP-PAVILLION" failures="0" tests="5" name="Tests.TS_Cruise" time="18.333" errors="0" timestamp="2021-03-18T17:17:00 IST" skipped="0">
  <testcase classname="Tests.TS_Cruise" name="TC_ClickCruise" time="8.257"/>
  <system-out/>
  <testcase classname="Tests.TS_Cruise" name="TC_CruiseType" time="2.763"/>
  <system-out/>
  <testcase classname="Tests.TS_Cruise" name="TC_SelectCruiseVar" time="2.738"/>
  <system-out/>
  <testcase classname="Tests.TS_Cruise" name="TC_ClickSub" time="0.615"/>
  <system-out/>
  <testcase classname="Tests.TS_Cruise" name="TC_GetDetails" time="3.960"/>
  <system-out/>
</testsuite> <!-- Tests.TS_Cruise -->
