<?xml version="1.0" encoding="UTF-8"?>
<!-- Generated by org.testng.reporters.JUnitReportReporter -->
<testsuite skipped="0" hostname="ARAVIND" name="Tests.Test_Cruise_Functionality" tests="5" failures="0" timestamp="2021-03-25T11:17:03 IST" time="24.248" errors="0">
  <testcase name="TC_ClickCruise" time="9.396" classname="Tests.Test_Cruise_Functionality"/>
  <system-out/>
  <testcase name="TC_CruiseType" time="3.609" classname="Tests.Test_Cruise_Functionality"/>
  <system-out/>
  <testcase name="TC_SelectCruiseVar" time="3.141" classname="Tests.Test_Cruise_Functionality"/>
  <system-out/>
  <testcase name="TC_ClickSub" time="1.341" classname="Tests.Test_Cruise_Functionality"/>
  <system-out/>
  <testcase name="TC_GetDetails" time="6.761" classname="Tests.Test_Cruise_Functionality"/>
  <system-out/>
</testsuite> <!-- Tests.Test_Cruise_Functionality -->
