<?xml version="1.0" encoding="UTF-8"?>
<!-- Generated by org.testng.reporters.JUnitReportReporter -->
<testsuite skipped="0" hostname="ARAVIND" name="Tests.Test_HolidayHome_Functionality" tests="12" failures="0" timestamp="2021-03-25T11:17:03 IST" time="106.452" errors="0">
  <testcase name="TC_EnterCity" time="16.890" classname="Tests.Test_HolidayHome_Functionality"/>
  <system-out/>
  <testcase name="TC_VerifyCity" time="0.075" classname="Tests.Test_HolidayHome_Functionality"/>
  <system-out/>
  <testcase name="TC_SelectCity" time="5.798" classname="Tests.Test_HolidayHome_Functionality"/>
  <system-out/>
  <testcase name="TC_ClickHolidayHomes" time="27.907" classname="Tests.Test_HolidayHome_Functionality"/>
  <system-out/>
  <testcase name="TC_InDate" time="3.977" classname="Tests.Test_HolidayHome_Functionality"/>
  <system-out/>
  <testcase name="TC_SelectCheckIn" time="7.102" classname="Tests.Test_HolidayHome_Functionality"/>
  <system-out/>
  <testcase name="TC_SelectCheckOut" time="2.054" classname="Tests.Test_HolidayHome_Functionality"/>
  <system-out/>
  <testcase name="TC_GuestOption" time="2.810" classname="Tests.Test_HolidayHome_Functionality"/>
  <system-out/>
  <testcase name="TC_ClickApply" time="2.539" classname="Tests.Test_HolidayHome_Functionality"/>
  <system-out/>
  <testcase name="TC_TravellerRating" time="12.982" classname="Tests.Test_HolidayHome_Functionality"/>
  <system-out/>
  <testcase name="TC_Elevator" time="5.256" classname="Tests.Test_HolidayHome_Functionality"/>
  <system-out/>
  <testcase name="TC_PrintOutput" time="19.062" classname="Tests.Test_HolidayHome_Functionality"/>
  <system-out/>
</testsuite> <!-- Tests.Test_HolidayHome_Functionality -->
